[0:44:03.837965667] [23180] [1;32m INFO [1;37mCamera [1;34mcamera_manager.cpp:326 [0mlibcamera v0.5.0+59-d83ff0a4
[0:44:03.845336264] [23189] [1;32m INFO [1;37mRPI [1;34mpisp.cpp:720 [0mlibpisp version v1.2.1 981977ff21f3 29-04-2025 (14:13:50)
[0:44:03.854932171] [23189] [1;32m INFO [1;37mRPI [1;34mpisp.cpp:1179 [0mRegistered camera /base/axi/pcie@1000120000/rp1/i2c@88000/imx708@1a to CFE device /dev/media0 and ISP device /dev/media2 using PiSP variant BCM2712_C0
[0:44:03.857814076] [23180] [1;32m INFO [1;37mCamera [1;34mcamera.cpp:1205 [0mconfiguring streams: (0) 1280x720-YUV420 (1) 1536x864-BGGR_PISP_COMP1
[0:44:03.857912910] [23189] [1;32m INFO [1;37mRPI [1;34mpisp.cpp:1483 [0mSensor: /base/axi/pcie@1000120000/rp1/i2c@88000/imx708@1a - Selected sensor format: 1536x864-SBGGR10_1X10 - Selected CFE format: 1536x864-PC1B
[RUN] camera.py: Began recording to data/videos/video_20251108_233027.mp4...
[INI] aegis.py: Starting UART subprocess...
[INI] UART.py: Created trip folder at ./stream/static/trips/20251108_233027.
[RUN] file_utils.py: Created trip JSON at ./stream/static/trips/20251108_233027/tel_20251108_233027.json.
[INI] UART.py: Created trip telemetry JSON at ./stream/static/trips/20251108_233027/tel_20251108_233027.json.
[INI] UART.py: UGV serial port opened at /dev/ttyAMA2.
[RUN] controller.py: 8BitDo Ultimate 2C Wireless Controller connected!
[RUN] UART.py: Increased scan resolution to 800 rings.
[RUN] UART.py: Increased scan resolution to 1600 rings.
[RUN] scan.py: Beginning cloud capture...
0.0
0.1125
0.225
0.3375
0.45
0.5625
0.675
0.7875000000000001
0.9000000000000001
1.0125000000000002
1.1250000000000002
1.2375000000000003
1.3500000000000003
1.4625000000000004
1.5750000000000004
1.6875000000000004
1.8000000000000005
1.9125000000000005
2.0250000000000004
2.1375
2.25
2.3625
2.4749999999999996
2.5874999999999995
2.6999999999999993
2.812499999999999
2.924999999999999
3.0374999999999988
3.1499999999999986
3.2624999999999984
3.3749999999999982
3.487499999999998
3.599999999999998
3.7124999999999977
3.8249999999999975
3.9374999999999973
4.049999999999997
4.162499999999997
4.274999999999997
4.387499999999997
4.4999999999999964
4.612499999999996
4.724999999999996
4.837499999999996
4.949999999999996
5.062499999999996
5.174999999999995
5.287499999999995
5.399999999999995
5.512499999999995
5.624999999999995
5.7374999999999945
5.849999999999994
5.962499999999994
6.074999999999994
6.187499999999994
6.299999999999994
6.412499999999993
6.524999999999993
6.637499999999993
6.749999999999993
6.862499999999993
6.9749999999999925
7.087499999999992
7.199999999999992
7.312499999999992
7.424999999999992
7.537499999999992
7.6499999999999915
7.762499999999991
7.874999999999991
7.987499999999991
8.09999999999999
8.212499999999991
8.324999999999992
8.437499999999993
8.549999999999994
8.662499999999994
8.774999999999995
8.887499999999996
8.999999999999996
9.112499999999997
9.224999999999998
9.337499999999999
9.45
9.5625
9.675
9.787500000000001
9.900000000000002
10.012500000000003
10.125000000000004
10.237500000000004
10.350000000000005
10.462500000000006
10.575000000000006
10.687500000000007
10.800000000000008
10.912500000000009
11.02500000000001
11.13750000000001
11.25000000000001
11.362500000000011
11.475000000000012
11.587500000000013
11.700000000000014
11.812500000000014
11.925000000000015
12.037500000000016
12.150000000000016
12.262500000000017
12.375000000000018
12.487500000000018
12.60000000000002
12.71250000000002
12.82500000000002
12.937500000000021
13.050000000000022
13.162500000000023
13.275000000000023
13.387500000000024
13.500000000000025
13.612500000000026
13.725000000000026
13.837500000000027
13.950000000000028
14.062500000000028
14.17500000000003
14.28750000000003
14.40000000000003
14.512500000000031
14.625000000000032
14.737500000000033
14.850000000000033
14.962500000000034
15.075000000000035
15.187500000000036
15.300000000000036
15.412500000000037
15.525000000000038
15.637500000000038
15.750000000000039
15.86250000000004
15.97500000000004
16.08750000000004
16.200000000000042
16.312500000000043
16.425000000000043
16.537500000000044
16.650000000000045
16.762500000000045
16.875000000000046
16.987500000000047
17.100000000000048
17.21250000000005
17.32500000000005
17.43750000000005
17.55000000000005
17.66250000000005
17.775000000000052
17.887500000000053
18.000000000000053
18.112500000000054
18.225000000000055
18.337500000000055
18.450000000000056
18.562500000000057
18.675000000000058
18.78750000000006
18.90000000000006
19.01250000000006
19.12500000000006
19.23750000000006
19.350000000000062
19.462500000000063
19.575000000000063
19.687500000000064
19.800000000000065
19.912500000000065
20.025000000000066
20.137500000000067
20.250000000000068
20.362500000000068
20.47500000000007
20.58750000000007
20.70000000000007
20.81250000000007
20.92500000000007
21.037500000000072
21.150000000000073
21.262500000000074
21.375000000000075
21.487500000000075
21.600000000000076
21.712500000000077
21.825000000000077
21.937500000000078
22.05000000000008
22.16250000000008
22.27500000000008
22.38750000000008
22.50000000000008
22.612500000000082
22.725000000000083
22.837500000000084
22.950000000000085
23.062500000000085
23.175000000000086
23.287500000000087
23.400000000000087
23.512500000000088
23.62500000000009
23.73750000000009
23.85000000000009
23.96250000000009
24.07500000000009
24.187500000000092
24.300000000000093
24.412500000000094
24.525000000000095
24.637500000000095
24.750000000000096
24.862500000000097
24.975000000000097
25.087500000000098
25.2000000000001
25.3125000000001
25.4250000000001
25.5375000000001
25.6500000000001
25.762500000000102
25.875000000000103
25.987500000000104
26.100000000000104
26.212500000000105
26.325000000000106
26.437500000000107
26.550000000000107
26.662500000000108
26.77500000000011
26.88750000000011
27.00000000000011
27.11250000000011
27.22500000000011
27.337500000000112
27.450000000000113
27.562500000000114
27.675000000000114
27.787500000000115
27.900000000000116
28.012500000000117
28.125000000000117
28.237500000000118
28.35000000000012
28.46250000000012
28.57500000000012
28.68750000000012
28.80000000000012
28.912500000000122
29.025000000000123
29.137500000000124
29.250000000000124
29.362500000000125
29.475000000000126
29.587500000000126
29.700000000000127
29.812500000000128
29.92500000000013
30.03750000000013
30.15000000000013
30.26250000000013
30.37500000000013
30.487500000000132
30.600000000000133
30.712500000000134
30.825000000000134
30.937500000000135
31.050000000000136
31.162500000000136
31.275000000000137
31.387500000000138
31.50000000000014
31.61250000000014
31.72500000000014
31.83750000000014
31.95000000000014
32.06250000000014
32.17500000000014
32.287500000000136
32.400000000000134
32.51250000000013
32.62500000000013
32.737500000000125
32.85000000000012
32.96250000000012
33.07500000000012
33.187500000000114
33.30000000000011
33.41250000000011
33.525000000000105
33.6375000000001
33.7500000000001
33.8625000000001
33.975000000000094
34.08750000000009
34.20000000000009
34.312500000000085
34.42500000000008
34.53750000000008
34.65000000000008
34.762500000000074
34.87500000000007
34.98750000000007
35.100000000000065
35.21250000000006
35.32500000000006
35.43750000000006
35.550000000000054
35.66250000000005
35.77500000000005
35.887500000000045
36.00000000000004
36.11250000000004
36.22500000000004
36.337500000000034
36.45000000000003
36.56250000000003
36.675000000000026
36.78750000000002
36.90000000000002
37.01250000000002
37.125000000000014
37.23750000000001
37.35000000000001
37.462500000000006
37.575
37.6875
37.8
37.912499999999994
38.02499999999999
38.13749999999999
38.249999999999986
38.36249999999998
38.47499999999998
38.58749999999998
38.699999999999974
38.81249999999997
38.92499999999997
39.037499999999966
39.14999999999996
39.26249999999996
39.37499999999996
39.487499999999955
39.59999999999995
39.71249999999995
39.824999999999946
39.93749999999994
40.04999999999994
40.16249999999994
40.274999999999935
40.38749999999993
40.49999999999993
40.612499999999926
40.72499999999992
40.83749999999992
40.94999999999992
41.062499999999915
41.17499999999991
41.28749999999991
41.399999999999906
41.5124999999999
41.6249999999999
41.7374999999999
41.849999999999895
41.96249999999989
42.07499999999989
42.187499999999886
42.29999999999988
42.41249999999988
42.52499999999988
42.637499999999875
42.74999999999987
42.86249999999987
42.974999999999866
43.087499999999864
43.19999999999986
43.31249999999986
43.424999999999855
43.53749999999985
43.64999999999985
43.76249999999985
43.874999999999844
43.98749999999984
44.09999999999984
44.212499999999835
44.32499999999983
44.43749999999983
44.54999999999983
44.662499999999824
44.77499999999982
44.88749999999982
44.999999999999815
45.11249999999981
45.22499999999981
45.33749999999981
45.449999999999804
45.5624999999998
45.6749999999998
45.787499999999795
45.89999999999979
46.01249999999979
46.12499999999979
46.237499999999784
46.34999999999978
46.46249999999978
46.574999999999775
46.68749999999977
46.79999999999977
46.91249999999977
47.024999999999764
47.13749999999976
47.24999999999976
47.362499999999756
47.47499999999975
47.58749999999975
47.69999999999975
47.812499999999744
47.92499999999974
48.03749999999974
48.149999999999736
48.26249999999973
48.37499999999973
48.48749999999973
48.599999999999724
48.71249999999972
48.82499999999972
48.937499999999716
49.04999999999971
49.16249999999971
49.27499999999971
49.387499999999704
49.4999999999997
49.6124999999997
49.724999999999696
49.83749999999969
49.94999999999969
50.06249999999969
50.174999999999685
50.28749999999968
50.39999999999968
50.512499999999676
50.62499999999967
50.73749999999967
50.84999999999967
50.962499999999665
51.07499999999966
51.18749999999966
51.299999999999656
51.41249999999965
51.52499999999965
51.63749999999965
51.749999999999645
51.86249999999964
51.97499999999964
52.087499999999636
52.19999999999963
52.31249999999963
52.42499999999963
52.537499999999625
52.64999999999962
52.76249999999962
52.874999999999616
52.98749999999961
53.09999999999961
53.21249999999961
53.324999999999605
53.4374999999996
53.5499999999996
53.662499999999596
53.774999999999594
53.88749999999959
53.99999999999959
54.112499999999585
54.22499999999958
54.33749999999958
54.44999999999958
54.562499999999574
54.67499999999957
54.78749999999957
54.899999999999565
55.01249999999956
55.12499999999956
55.23749999999956
55.349999999999554
55.46249999999955
55.57499999999955
55.687499999999545
55.79999999999954
55.91249999999954
56.02499999999954
56.137499999999534
56.24999999999953
56.36249999999953
56.474999999999525
56.58749999999952
56.69999999999952
56.81249999999952
56.924999999999514
57.03749999999951
57.14999999999951
57.262499999999505
57.3749999999995
57.4874999999995
57.5999999999995
57.712499999999494
57.82499999999949
57.93749999999949
58.049999999999486
58.16249999999948
58.27499999999948
58.38749999999948
58.499999999999474
58.61249999999947
58.72499999999947
58.837499999999466
58.94999999999946
59.06249999999946
59.17499999999946
59.287499999999454
59.39999999999945
59.51249999999945
59.624999999999446
59.73749999999944
59.84999999999944
59.96249999999944
60.074999999999434
60.18749999999943
60.29999999999943
60.412499999999426
60.52499999999942
60.63749999999942
60.74999999999942
60.862499999999415
60.97499999999941
61.08749999999941
61.199999999999406
61.3124999999994
61.4249999999994
61.5374999999994
61.649999999999395
61.76249999999939
61.87499999999939
61.987499999999386
62.09999999999938
62.21249999999938
62.32499999999938
62.437499999999375
62.54999999999937
62.66249999999937
62.774999999999366
62.88749999999936
62.99999999999936
63.11249999999936
63.224999999999355
63.33749999999935
63.44999999999935
63.562499999999346
63.67499999999934
63.78749999999934
63.89999999999934
64.01249999999933
64.12499999999933
64.23749999999933
64.34999999999933
64.46249999999932
64.57499999999932
64.68749999999932
64.79999999999932
64.91249999999931
65.02499999999931
65.1374999999993
65.2499999999993
65.3624999999993
65.4749999999993
65.5874999999993
65.69999999999929
65.81249999999929
65.92499999999929
66.03749999999928
66.14999999999928
66.26249999999928
66.37499999999928
66.48749999999927
66.59999999999927
66.71249999999927
66.82499999999926
66.93749999999926
67.04999999999926
67.16249999999926
67.27499999999925
67.38749999999925
67.49999999999925
67.61249999999924
67.72499999999924
67.83749999999924
67.94999999999924
68.06249999999923
68.17499999999923
68.28749999999923
68.39999999999922
68.51249999999922
68.62499999999922
68.73749999999922
68.84999999999921
68.96249999999921
69.0749999999992
69.1874999999992
69.2999999999992
69.4124999999992
69.5249999999992
69.63749999999919
69.74999999999919
69.86249999999919
69.97499999999918
70.08749999999918
70.19999999999918
70.31249999999918
70.42499999999917
70.53749999999917
70.64999999999917
70.76249999999916
70.87499999999916
70.98749999999916
71.09999999999916
71.21249999999915
71.32499999999915
71.43749999999915
71.54999999999914
71.66249999999914
71.77499999999914
71.88749999999914
71.99999999999913
72.11249999999913
72.22499999999913
72.33749999999912
72.44999999999912
72.56249999999912
72.67499999999912
72.78749999999911
72.89999999999911
73.01249999999911
73.1249999999991
73.2374999999991
73.3499999999991
73.4624999999991
73.5749999999991
73.68749999999909
73.79999999999909
73.91249999999908
74.02499999999908
74.13749999999908
74.24999999999908
74.36249999999907
74.47499999999907
74.58749999999907
74.69999999999906
74.81249999999906
74.92499999999906
75.03749999999906
75.14999999999905
75.26249999999905
75.37499999999905
75.48749999999905
75.59999999999904
75.71249999999904
75.82499999999904
75.93749999999903
76.04999999999903
76.16249999999903
76.27499999999903
76.38749999999902
76.49999999999902
76.61249999999902
76.72499999999901
76.83749999999901
76.94999999999901
77.062499999999
77.174999999999
77.287499999999
77.399999999999
77.512499999999
77.62499999999899
77.73749999999899
77.84999999999899
77.96249999999898
78.07499999999898
78.18749999999898
78.29999999999897
78.41249999999897
78.52499999999897
78.63749999999897
78.74999999999896
78.86249999999896
78.97499999999896
79.08749999999895
79.19999999999895
79.31249999999895
79.42499999999895
79.53749999999894
79.64999999999894
79.76249999999894
79.87499999999893
79.98749999999893
80.09999999999893
80.21249999999893
80.32499999999892
80.43749999999892
80.54999999999892
80.66249999999891
80.77499999999891
80.88749999999891
80.9999999999989
81.1124999999989
81.2249999999989
81.3374999999989
81.4499999999989
81.56249999999889
81.67499999999889
81.78749999999889
81.89999999999888
82.01249999999888
82.12499999999888
82.23749999999887
82.34999999999887
82.46249999999887
82.57499999999887
82.68749999999886
82.79999999999886
82.91249999999886
83.02499999999885
83.13749999999885
83.24999999999885
83.36249999999885
83.47499999999884
83.58749999999884
83.69999999999884
83.81249999999883
83.92499999999883
84.03749999999883
84.14999999999883
84.26249999999882
84.37499999999882
84.48749999999882
84.59999999999881
84.71249999999881
84.82499999999881
84.9374999999988
85.0499999999988
85.1624999999988
85.2749999999988
85.3874999999988
85.49999999999879
85.61249999999879
85.72499999999879
85.83749999999878
85.94999999999878
86.06249999999878
86.17499999999878
86.28749999999877
86.39999999999877
86.51249999999877
86.62499999999876
86.73749999999876
86.84999999999876
86.96249999999876
87.07499999999875
87.18749999999875
87.29999999999875
87.41249999999874
87.52499999999874
87.63749999999874
87.74999999999874
87.86249999999873
87.97499999999873
88.08749999999873
88.19999999999872
88.31249999999872
88.42499999999872
88.53749999999872
88.64999999999871
88.76249999999871
88.8749999999987
88.9874999999987
89.0999999999987
89.2124999999987
89.3249999999987
89.43749999999869
89.54999999999869
89.66249999999869
89.77499999999868
89.88749999999868
89.99999999999868
90.11249999999868
90.22499999999867
90.33749999999867
90.44999999999867
90.56249999999866
90.67499999999866
90.78749999999866
90.89999999999866
91.01249999999865
91.12499999999865
91.23749999999865
91.34999999999864
91.46249999999864
91.57499999999864
91.68749999999864
91.79999999999863
91.91249999999863
92.02499999999863
92.13749999999862
92.24999999999862
92.36249999999862
92.47499999999862
92.58749999999861
92.69999999999861
92.81249999999861
92.9249999999986
93.0374999999986
93.1499999999986
93.2624999999986
93.3749999999986
93.48749999999859
93.59999999999859
93.71249999999858
93.82499999999858
93.93749999999858
94.04999999999858
94.16249999999857
94.27499999999857
94.38749999999857
94.49999999999856
94.61249999999856
94.72499999999856
94.83749999999856
94.94999999999855
95.06249999999855
95.17499999999855
95.28749999999854
95.39999999999854
95.51249999999854
95.62499999999854
95.73749999999853
95.84999999999853
95.96249999999853
96.07499999999852
96.18749999999852
96.29999999999852
96.41249999999852
96.52499999999851
96.63749999999851
96.74999999999851
96.8624999999985
96.9749999999985
97.0874999999985
97.1999999999985
97.3124999999985
97.42499999999849
97.53749999999849
97.64999999999849
97.76249999999848
97.87499999999848
97.98749999999848
98.09999999999847
98.21249999999847
98.32499999999847
98.43749999999847
98.54999999999846
98.66249999999846
98.77499999999846
98.88749999999845
98.99999999999845
99.11249999999845
99.22499999999845
99.33749999999844
99.44999999999844
99.56249999999844
99.67499999999843
99.78749999999843
99.89999999999843
100.01249999999843
100.12499999999842
100.23749999999842
100.34999999999842
100.46249999999841
100.57499999999841
100.68749999999841
100.7999999999984
100.9124999999984
101.0249999999984
101.1374999999984
101.2499999999984
101.36249999999839
101.47499999999839
101.58749999999839
101.69999999999838
101.81249999999838
101.92499999999838
102.03749999999837
102.14999999999837
102.26249999999837
102.37499999999837
102.48749999999836
102.59999999999836
102.71249999999836
102.82499999999835
102.93749999999835
103.04999999999835
103.16249999999835
103.27499999999834
103.38749999999834
103.49999999999834
103.61249999999833
103.72499999999833
103.83749999999833
103.94999999999833
104.06249999999832
104.17499999999832
104.28749999999832
104.39999999999831
104.51249999999831
104.62499999999831
104.7374999999983
104.8499999999983
104.9624999999983
105.0749999999983
105.1874999999983
105.29999999999829
105.41249999999829
105.52499999999829
105.63749999999828
105.74999999999828
105.86249999999828
105.97499999999827
106.08749999999827
106.19999999999827
106.31249999999827
106.42499999999826
106.53749999999826
106.64999999999826
106.76249999999825
106.87499999999825
106.98749999999825
107.09999999999825
107.21249999999824
107.32499999999824
107.43749999999824
107.54999999999824
107.66249999999823
107.77499999999823
107.88749999999823
107.99999999999822
108.11249999999822
108.22499999999822
108.33749999999822
108.44999999999821
108.56249999999821
108.6749999999982
108.7874999999982
108.8999999999982
109.0124999999982
109.1249999999982
109.23749999999819
109.34999999999819
109.46249999999819
109.57499999999818
109.68749999999818
109.79999999999818
109.91249999999818
110.02499999999817
110.13749999999817
110.24999999999817
110.36249999999816
110.47499999999816
110.58749999999816
110.69999999999816
110.81249999999815
110.92499999999815
111.03749999999815
111.14999999999814
111.26249999999814
111.37499999999814
111.48749999999814
111.59999999999813
111.71249999999813
111.82499999999813
111.93749999999812
112.04999999999812
112.16249999999812
112.27499999999812
112.38749999999811
112.49999999999811
112.61249999999811
112.7249999999981
112.8374999999981
112.9499999999981
113.0624999999981
113.1749999999981
113.28749999999809
113.39999999999809
113.51249999999808
113.62499999999808
113.73749999999808
113.84999999999808
113.96249999999807
114.07499999999807
114.18749999999807
114.29999999999806
114.41249999999806
114.52499999999806
114.63749999999806
114.74999999999805
114.86249999999805
114.97499999999805
115.08749999999804
115.19999999999804
115.31249999999804
115.42499999999804
115.53749999999803
115.64999999999803
115.76249999999803
115.87499999999802
115.98749999999802
116.09999999999802
116.21249999999802
116.32499999999801
116.43749999999801
116.54999999999801
116.662499999998
116.774999999998
116.887499999998
116.999999999998
117.112499999998
117.22499999999799
117.33749999999799
117.44999999999798
117.56249999999798
117.67499999999798
117.78749999999798
117.89999999999797
118.01249999999797
118.12499999999797
118.23749999999797
118.34999999999796
118.46249999999796
118.57499999999796
118.68749999999795
118.79999999999795
118.91249999999795
119.02499999999795
119.13749999999794
119.24999999999794
119.36249999999794
119.47499999999793
119.58749999999793
119.69999999999793
119.81249999999793
119.92499999999792
120.03749999999792
120.14999999999792
120.26249999999791
120.37499999999791
120.48749999999791
120.5999999999979
120.7124999999979
120.8249999999979
120.9374999999979
121.0499999999979
121.16249999999789
121.27499999999789
121.38749999999789
121.49999999999788
121.61249999999788
121.72499999999788
121.83749999999787
121.94999999999787
122.06249999999787
122.17499999999787
122.28749999999786
122.39999999999786
122.51249999999786
122.62499999999785
122.73749999999785
122.84999999999785
122.96249999999785
123.07499999999784
123.18749999999784
123.29999999999784
123.41249999999783
123.52499999999783
123.63749999999783
123.74999999999783
123.86249999999782
123.97499999999782
124.08749999999782
124.19999999999781
124.31249999999781
124.42499999999781
124.5374999999978
124.6499999999978
124.7624999999978
124.8749999999978
124.9874999999978
125.09999999999779
125.21249999999779
125.32499999999779
125.43749999999778
125.54999999999778
125.66249999999778
125.77499999999777
125.88749999999777
125.99999999999777
126.11249999999777
126.22499999999776
126.33749999999776
126.44999999999776
126.56249999999775
126.67499999999775
126.78749999999775
126.89999999999775
127.01249999999774
127.12499999999774
127.23749999999774
127.34999999999773
127.46249999999773
127.57499999999773
127.68749999999773
127.79999999999772
127.91249999999772
128.02499999999773
128.13749999999774
128.24999999999775
128.36249999999777
128.47499999999778
128.5874999999978
128.6999999999978
128.8124999999978
128.92499999999782
129.03749999999783
129.14999999999785
129.26249999999786
129.37499999999787
129.48749999999788
129.5999999999979
129.7124999999979
129.8249999999979
129.93749999999793
130.04999999999794
130.16249999999795
130.27499999999796
130.38749999999797
130.49999999999798
130.612499999998
130.724999999998
130.83749999999802
130.94999999999803
131.06249999999804
131.17499999999805
131.28749999999806
131.39999999999807
131.51249999999808
131.6249999999981
131.7374999999981
131.84999999999812
131.96249999999813
132.07499999999814
132.18749999999815
132.29999999999816
132.41249999999818
132.5249999999982
132.6374999999982
132.7499999999982
132.86249999999822
132.97499999999823
133.08749999999824
133.19999999999825
133.31249999999827
133.42499999999828
133.5374999999983
133.6499999999983
133.7624999999983
133.87499999999832
133.98749999999833
134.09999999999835
134.21249999999836
134.32499999999837
134.43749999999838
134.5499999999984
134.6624999999984
134.7749999999984
134.88749999999843
134.99999999999844
135.11249999999845
135.22499999999846
135.33749999999847
135.44999999999848
135.5624999999985
135.6749999999985
135.78749999999852
135.89999999999853
136.01249999999854
136.12499999999855
136.23749999999856
136.34999999999857
136.46249999999858
136.5749999999986
136.6874999999986
136.79999999999862
136.91249999999863
137.02499999999864
137.13749999999865
137.24999999999866
137.36249999999868
137.4749999999987
137.5874999999987
137.6999999999987
137.81249999999872
137.92499999999873
138.03749999999874
138.14999999999876
138.26249999999877
138.37499999999878
138.4874999999988
138.5999999999988
138.7124999999988
138.82499999999882
138.93749999999883
139.04999999999885
139.16249999999886
139.27499999999887
139.38749999999888
139.4999999999989
139.6124999999989
139.72499999999891
139.83749999999893
139.94999999999894
140.06249999999895
140.17499999999896
140.28749999999897
140.39999999999898
140.512499999999
140.624999999999
140.73749999999902
140.84999999999903
140.96249999999904
141.07499999999905
141.18749999999906
141.29999999999907
141.41249999999908
141.5249999999991
141.6374999999991
141.74999999999912
141.86249999999913
141.97499999999914
142.08749999999915
142.19999999999916
142.31249999999918
142.4249999999992
142.5374999999992
142.6499999999992
142.76249999999922
142.87499999999923
142.98749999999924
143.09999999999926
143.21249999999927
143.32499999999928
143.4374999999993
143.5499999999993
143.6624999999993
143.77499999999932
143.88749999999933
143.99999999999935
144.11249999999936
144.22499999999937
144.33749999999938
144.4499999999994
144.5624999999994
144.67499999999941
144.78749999999943
144.89999999999944
145.01249999999945
145.12499999999946
145.23749999999947
145.34999999999948
145.4624999999995
145.5749999999995
145.68749999999952
145.79999999999953
145.91249999999954
146.02499999999955
146.13749999999956
146.24999999999957
146.36249999999959
146.4749999999996
146.5874999999996
146.69999999999962
146.81249999999963
146.92499999999964
147.03749999999965
147.14999999999966
147.26249999999968
147.3749999999997
147.4874999999997
147.5999999999997
147.71249999999972
147.82499999999973
147.93749999999974
148.04999999999976
148.16249999999977
148.27499999999978
148.3874999999998
148.4999999999998
148.6124999999998
148.72499999999982
148.83749999999984
148.94999999999985
149.06249999999986
149.17499999999987
149.28749999999988
149.3999999999999
149.5124999999999
149.62499999999991
149.73749999999993
149.84999999999994
149.96249999999995
150.07499999999996
150.18749999999997
150.29999999999998
150.4125
150.525
150.63750000000002
150.75000000000003
150.86250000000004
150.97500000000005
151.08750000000006
151.20000000000007
151.31250000000009
151.4250000000001
151.5375000000001
151.65000000000012
151.76250000000013
151.87500000000014
151.98750000000015
152.10000000000016
152.21250000000018
152.3250000000002
152.4375000000002
152.5500000000002
152.66250000000022
152.77500000000023
152.88750000000024
153.00000000000026
153.11250000000027
153.22500000000028
153.3375000000003
153.4500000000003
153.5625000000003
153.67500000000032
153.78750000000034
153.90000000000035
154.01250000000036
154.12500000000037
154.23750000000038
154.3500000000004
154.4625000000004
154.57500000000041
154.68750000000043
154.80000000000044
154.91250000000045
155.02500000000046
155.13750000000047
155.25000000000048
155.3625000000005
155.4750000000005
155.58750000000052
155.70000000000053
155.81250000000054
155.92500000000055
156.03750000000056
156.15000000000057
156.26250000000059
156.3750000000006
156.4875000000006
156.60000000000062
156.71250000000063
156.82500000000064
156.93750000000065
157.05000000000067
157.16250000000068
157.2750000000007
157.3875000000007
157.5000000000007
157.61250000000072
157.72500000000073
157.83750000000074
157.95000000000076
158.06250000000077
158.17500000000078
158.2875000000008
158.4000000000008
158.5125000000008
158.62500000000082
158.73750000000084
158.85000000000085
158.96250000000086
159.07500000000087
159.18750000000088
159.3000000000009
159.4125000000009
159.52500000000092
159.63750000000093
159.75000000000094
159.86250000000095
159.97500000000096
160.08750000000097
160.20000000000098
160.312500000001
160.425000000001
160.53750000000102
160.65000000000103
160.76250000000104
160.87500000000105
160.98750000000106
161.10000000000107
161.21250000000109
161.3250000000011
161.4375000000011
161.55000000000112
161.66250000000113
161.77500000000114
161.88750000000115
162.00000000000117
162.11250000000118
162.2250000000012
162.3375000000012
162.4500000000012
162.56250000000122
162.67500000000123
162.78750000000124
162.90000000000126
163.01250000000127
163.12500000000128
163.2375000000013
163.3500000000013
163.4625000000013
163.57500000000132
163.68750000000134
163.80000000000135
163.91250000000136
164.02500000000137
164.13750000000138
164.2500000000014
164.3625000000014
164.47500000000142
164.58750000000143
164.70000000000144
164.81250000000145
164.92500000000146
165.03750000000147
165.15000000000148
165.2625000000015
165.3750000000015
165.48750000000152
165.60000000000153
165.71250000000154
165.82500000000155
165.93750000000156
166.05000000000157
166.1625000000016
166.2750000000016
166.3875000000016
166.50000000000162
166.61250000000163
166.72500000000164
166.83750000000165
166.95000000000167
167.06250000000168
167.1750000000017
167.2875000000017
167.4000000000017
167.51250000000172
167.62500000000173
167.73750000000175
167.85000000000176
167.96250000000177
168.07500000000178
168.1875000000018
168.3000000000018
168.4125000000018
168.52500000000182
168.63750000000184
168.75000000000185
168.86250000000186
168.97500000000187
169.08750000000188
169.2000000000019
169.3125000000019
169.42500000000192
169.53750000000193
169.65000000000194
169.76250000000195
169.87500000000196
169.98750000000197
170.10000000000198
170.212500000002
170.325000000002
170.43750000000202
170.55000000000203
170.66250000000204
170.77500000000205
170.88750000000206
171.00000000000207
171.1125000000021
171.2250000000021
171.3375000000021
171.45000000000212
171.56250000000213
171.67500000000214
171.78750000000215
171.90000000000217
172.01250000000218
172.1250000000022
172.2375000000022
172.3500000000022
172.46250000000222
172.57500000000223
172.68750000000225
172.80000000000226
172.91250000000227
173.02500000000228
173.1375000000023
173.2500000000023
173.3625000000023
173.47500000000232
173.58750000000234
173.70000000000235
173.81250000000236
173.92500000000237
174.03750000000238
174.1500000000024
174.2625000000024
174.37500000000242
174.48750000000243
174.60000000000244
174.71250000000245
174.82500000000246
174.93750000000247
175.05000000000248
175.1625000000025
175.2750000000025
175.38750000000252
175.50000000000253
175.61250000000254
175.72500000000255
175.83750000000256
175.95000000000258
176.0625000000026
176.1750000000026
176.2875000000026
176.40000000000262
176.51250000000263
176.62500000000264
176.73750000000265
176.85000000000267
176.96250000000268
177.0750000000027
177.1875000000027
177.3000000000027
177.41250000000272
177.52500000000273
177.63750000000275
177.75000000000276
177.86250000000277
177.97500000000278
178.0875000000028
178.2000000000028
178.3125000000028
178.42500000000283
178.53750000000284
178.65000000000285
178.76250000000286
178.87500000000287
178.98750000000288
179.1000000000029
179.2125000000029
179.32500000000292
179.43750000000293
179.55000000000294
179.66250000000295
179.77500000000296
179.88750000000297
[RUN] scan.py: Cloud captured in 308.74 seconds (4306176 points).
[RUN] scan.py: Converting scan to Cartesian coordinates...
[RUN] scan.py: Converted scan in 125.04 seconds.
[RUN] scan.py: Saving cloud to ./stream/static/trips/20251108_233027/cloud_20251108_233837.txt...
[RUN] scan.py: Cloud saved in 9.35 seconds.
[RUN] scan.py: Scan completed in 443.47 seconds.
[RUN] scan.py: Beginning cloud capture...
2.9842794901924208e-12
0.11250000000298428
0.22500000000298429
0.3375000000029843
0.4500000000029843
0.5625000000029843
0.6750000000029843
0.7875000000029844
0.9000000000029844
1.0125000000029845
1.1250000000029845
1.2375000000029845
1.3500000000029846
1.4625000000029846
1.5750000000029847
1.6875000000029847
1.8000000000029848
1.9125000000029848
2.0250000000029846
2.1375000000029845
2.2500000000029843
2.362500000002984
2.475000000002984
2.5875000000029837
2.7000000000029836
2.8125000000029834
2.925000000002983
3.037500000002983
3.150000000002983
3.2625000000029827
3.3750000000029825
3.4875000000029823
3.600000000002982
3.712500000002982
3.825000000002982
3.9375000000029816
4.050000000002981
4.162500000002981
4.275000000002981
4.387500000002981
4.500000000002981
4.6125000000029805
4.72500000000298
4.83750000000298
4.95000000000298
5.06250000000298
5.17500000000298
5.2875000000029795
5.400000000002979
5.512500000002979
5.625000000002979
5.737500000002979
5.850000000002979
5.962500000002978
6.075000000002978
6.187500000002978
6.300000000002978
6.412500000002978
6.5250000000029775
6.637500000002977
6.750000000002977
6.862500000002977
6.975000000002977
7.087500000002977
7.2000000000029765
7.312500000002976
7.425000000002976
7.537500000002976
7.650000000002976
7.762500000002976
7.875000000002975
7.987500000002975
8.100000000002975
8.212500000002976
8.325000000002976
8.437500000002977
8.550000000002978
8.662500000002979
8.77500000000298
8.88750000000298
9.00000000000298
9.112500000002981
9.225000000002982
9.337500000002983
9.450000000002984
9.562500000002984
9.675000000002985
9.787500000002986
9.900000000002986
10.012500000002987
10.125000000002988
10.237500000002989
10.35000000000299
10.46250000000299
10.57500000000299
10.687500000002991
10.800000000002992
10.912500000002993
11.025000000002994
11.137500000002994
11.250000000002995
11.362500000002996
11.475000000002996
11.587500000002997
11.700000000002998
11.812500000002998
11.925000000003
12.037500000003
12.150000000003
12.262500000003001
12.375000000003002
12.487500000003003
12.600000000003003
12.712500000003004
12.825000000003005
12.937500000003006
13.050000000003006
13.162500000003007
13.275000000003008
13.387500000003008
13.50000000000301
13.61250000000301
13.72500000000301
13.837500000003011
13.950000000003012
14.062500000003013
14.175000000003013
14.287500000003014
14.400000000003015
14.512500000003016
14.625000000003016
14.737500000003017
14.850000000003018
14.962500000003018
15.075000000003019
15.18750000000302
15.30000000000302
15.412500000003021
15.525000000003022
15.637500000003023
15.750000000003023
15.862500000003024
15.975000000003025
16.087500000003025
16.200000000003026
16.312500000003027
16.425000000003028
16.53750000000303
16.65000000000303
16.76250000000303
16.87500000000303
16.98750000000303
17.100000000003032
17.212500000003033
17.325000000003033
17.437500000003034
17.550000000003035
17.662500000003035
17.775000000003036
17.887500000003037
18.000000000003038
18.11250000000304
18.22500000000304
18.33750000000304
18.45000000000304
18.56250000000304
18.675000000003042
18.787500000003043
18.900000000003043
19.012500000003044
19.125000000003045
19.237500000003045
19.350000000003046
19.462500000003047
19.575000000003048
19.68750000000305
19.80000000000305
19.91250000000305
20.02500000000305
20.13750000000305
20.250000000003052
20.362500000003052
20.475000000003053
20.587500000003054
20.700000000003055
20.812500000003055
20.925000000003056
21.037500000003057
21.150000000003057
21.262500000003058
21.37500000000306
21.48750000000306
21.60000000000306
21.71250000000306
21.82500000000306
21.937500000003062
22.050000000003063
22.162500000003064
22.275000000003065
22.387500000003065
22.500000000003066
22.612500000003067
22.725000000003067
22.837500000003068
22.95000000000307
23.06250000000307
23.17500000000307
23.28750000000307
23.40000000000307
23.512500000003072
23.625000000003073
23.737500000003074
23.850000000003075
23.962500000003075
24.075000000003076
24.187500000003077
24.300000000003077
24.412500000003078
24.52500000000308
24.63750000000308
24.75000000000308
24.86250000000308
24.97500000000308
25.087500000003082
25.200000000003083
25.312500000003084
25.425000000003084
25.537500000003085
25.650000000003086
25.762500000003087
25.875000000003087
25.987500000003088
26.10000000000309
26.21250000000309
26.32500000000309
26.43750000000309
26.55000000000309
26.662500000003092
26.775000000003093
26.887500000003094
27.000000000003094
27.112500000003095
27.225000000003096
27.337500000003097
27.450000000003097
27.562500000003098
27.6750000000031
27.7875000000031
27.9000000000031
28.0125000000031
28.1250000000031
28.237500000003102
28.350000000003103
28.462500000003104
28.575000000003104
28.687500000003105
28.800000000003106
28.912500000003106
29.025000000003107
29.137500000003108
29.25000000000311
29.36250000000311
29.47500000000311
29.58750000000311
29.70000000000311
29.812500000003112
29.925000000003113
30.037500000003114
30.150000000003114
30.262500000003115
30.375000000003116
30.487500000003116
30.600000000003117
30.712500000003118
30.82500000000312
30.93750000000312
31.05000000000312
31.16250000000312
31.27500000000312
31.387500000003122
31.500000000003123
31.612500000003124
31.725000000003124
31.837500000003125
31.950000000003126
32.062500000003126
32.17500000000312
32.28750000000312
32.40000000000312
32.512500000003115
32.62500000000311
32.73750000000311
32.85000000000311
32.962500000003104
33.0750000000031
33.1875000000031
33.300000000003095
33.41250000000309
33.52500000000309
33.63750000000309
33.750000000003084
33.86250000000308
33.97500000000308
34.087500000003075
34.20000000000307
34.31250000000307
34.42500000000307
34.537500000003064
34.65000000000306
34.76250000000306
34.875000000003055
34.98750000000305
35.10000000000305
35.21250000000305
35.325000000003044
35.43750000000304
35.55000000000304
35.662500000003035
35.77500000000303
35.88750000000303
36.00000000000303
36.112500000003024
36.22500000000302
36.33750000000302
36.450000000003016
36.56250000000301
36.67500000000301
36.78750000000301
36.900000000003004
37.012500000003
37.125000000003
37.237500000002996
37.35000000000299
37.46250000000299
37.57500000000299
37.687500000002984
37.80000000000298
37.91250000000298
38.025000000002976
38.13750000000297
38.25000000000297
38.36250000000297
38.475000000002964
38.58750000000296
38.70000000000296
38.812500000002956
38.92500000000295
39.03750000000295
39.15000000000295
39.262500000002944
39.37500000000294
39.48750000000294
39.600000000002936
39.71250000000293
39.82500000000293
39.93750000000293
40.050000000002925
40.16250000000292
40.27500000000292
40.387500000002916
40.50000000000291
40.61250000000291
40.72500000000291
40.837500000002905
40.9500000000029
41.0625000000029
41.175000000002896
41.28750000000289
41.40000000000289
41.51250000000289
41.625000000002885
41.73750000000288
41.85000000000288
41.962500000002876
42.07500000000287
42.18750000000287
42.30000000000287
42.412500000002865
42.52500000000286
42.63750000000286
42.750000000002856
42.86250000000285
42.97500000000285
43.08750000000285
43.200000000002845
43.31250000000284
43.42500000000284
43.53750000000284
43.650000000002834
43.76250000000283
43.87500000000283
43.987500000002825
44.10000000000282
44.21250000000282
44.32500000000282
44.437500000002814
44.55000000000281
44.66250000000281
44.775000000002805
44.8875000000028
45.0000000000028
45.1125000000028
45.225000000002794
45.33750000000279
45.45000000000279
45.562500000002785
45.67500000000278
45.78750000000278
45.90000000000278
46.012500000002774
46.12500000000277
46.23750000000277
46.350000000002765
46.46250000000276
46.57500000000276
46.68750000000276
46.800000000002754
46.91250000000275
47.02500000000275
47.137500000002746
47.25000000000274
47.36250000000274
47.47500000000274
47.587500000002734
47.70000000000273
47.81250000000273
47.925000000002726
48.03750000000272
48.15000000000272
48.26250000000272
48.375000000002714
48.48750000000271
48.60000000000271
48.712500000002706
48.8250000000027
48.9375000000027
49.0500000000027
49.162500000002694
49.27500000000269
49.38750000000269
49.500000000002686
49.61250000000268
49.72500000000268
49.83750000000268
49.950000000002674
50.06250000000267
50.17500000000267
50.287500000002666
50.40000000000266
50.51250000000266
50.62500000000266
50.737500000002655
50.85000000000265
50.96250000000265
51.075000000002646
51.18750000000264
51.30000000000264
51.41250000000264
51.525000000002635
51.63750000000263
51.75000000000263
51.862500000002626
51.97500000000262
52.08750000000262
52.20000000000262
52.312500000002615
52.42500000000261
52.53750000000261
52.650000000002606
52.7625000000026
52.8750000000026
52.9875000000026
53.100000000002595
53.21250000000259
53.32500000000259
53.437500000002586
53.55000000000258
53.66250000000258
53.77500000000258
53.887500000002575
54.00000000000257
54.11250000000257
54.22500000000257
54.337500000002564
54.45000000000256
54.56250000000256
54.675000000002555
54.78750000000255
54.90000000000255
55.01250000000255
55.125000000002544
55.23750000000254
55.35000000000254
55.462500000002535
55.57500000000253
55.68750000000253
55.80000000000253
55.912500000002524
56.02500000000252
56.13750000000252
56.250000000002515
56.36250000000251
56.47500000000251
56.58750000000251
56.700000000002504
56.8125000000025
56.9250000000025
57.037500000002495
57.15000000000249
57.26250000000249
57.37500000000249
57.487500000002484
57.60000000000248
57.71250000000248
57.825000000002476
57.93750000000247
58.05000000000247
58.16250000000247
58.275000000002464
58.38750000000246
58.50000000000246
58.612500000002456
58.72500000000245
58.83750000000245
58.95000000000245
59.062500000002444
59.17500000000244
59.28750000000244
59.400000000002436
59.51250000000243
59.62500000000243
59.73750000000243
59.850000000002424
59.96250000000242
60.07500000000242
60.187500000002416
60.30000000000241
60.41250000000241
60.52500000000241
60.637500000002404
60.7500000000024
60.8625000000024
60.975000000002396
61.08750000000239
61.20000000000239
61.31250000000239
61.425000000002385
61.53750000000238
61.65000000000238
61.762500000002376
61.87500000000237
61.98750000000237
62.10000000000237
62.212500000002365
62.32500000000236
62.43750000000236
62.550000000002356
62.66250000000235
62.77500000000235
62.88750000000235
63.000000000002345
63.11250000000234
63.22500000000234
63.337500000002336
63.45000000000233
63.56250000000233
63.67500000000233
63.787500000002325
63.90000000000232
64.01250000000232
64.12500000000232
64.23750000000231
64.35000000000231
64.46250000000231
64.5750000000023
64.6875000000023
64.8000000000023
64.9125000000023
65.0250000000023
65.13750000000229
65.25000000000229
65.36250000000229
65.47500000000228
65.58750000000228
65.70000000000228
65.81250000000227
65.92500000000227
66.03750000000227
66.15000000000227
66.26250000000226
66.37500000000226
66.48750000000226
66.60000000000225
66.71250000000225
66.82500000000225
66.93750000000225
67.05000000000224
67.16250000000224
67.27500000000224
67.38750000000223
67.50000000000223
67.61250000000223
67.72500000000223
67.83750000000222
67.95000000000222
68.06250000000222
68.17500000000221
68.28750000000221
68.40000000000221
68.5125000000022
68.6250000000022
68.7375000000022
68.8500000000022
68.9625000000022
69.07500000000219
69.18750000000219
69.30000000000219
69.41250000000218
69.52500000000218
69.63750000000218
69.75000000000217
69.86250000000217
69.97500000000217
70.08750000000217
70.20000000000216
70.31250000000216
70.42500000000216
70.53750000000215
70.65000000000215
70.76250000000215
70.87500000000215
70.98750000000214
71.10000000000214
71.21250000000214
71.32500000000213
71.43750000000213
71.55000000000213
71.66250000000213
71.77500000000212
71.88750000000212
72.00000000000212
72.11250000000211
72.22500000000211
72.33750000000211
72.4500000000021
72.5625000000021
72.6750000000021
72.7875000000021
72.9000000000021
73.01250000000209
73.12500000000209
73.23750000000209
73.35000000000208
73.46250000000208
73.57500000000208
73.68750000000207
73.80000000000207
73.91250000000207
74.02500000000207
74.13750000000206
74.25000000000206
74.36250000000206
74.47500000000205
74.58750000000205
74.70000000000205
74.81250000000205
74.92500000000204
75.03750000000204
75.15000000000204
75.26250000000203
75.37500000000203
75.48750000000203
75.60000000000203
75.71250000000202
75.82500000000202
75.93750000000202
76.05000000000202
76.16250000000201
76.27500000000201
76.387500000002
76.500000000002
76.612500000002
76.725000000002
76.837500000002
76.95000000000199
77.06250000000199
77.17500000000199
77.28750000000198
77.40000000000198
77.51250000000198
77.62500000000198
77.73750000000197
77.85000000000197
77.96250000000197
78.07500000000196
78.18750000000196
78.30000000000196
78.41250000000196
78.52500000000195
78.63750000000195
78.75000000000195
78.86250000000194
78.97500000000194
79.08750000000194
79.20000000000194
79.31250000000193
79.42500000000193
79.53750000000193
79.65000000000192
79.76250000000192
79.87500000000192
79.98750000000192
80.10000000000191
80.21250000000191
80.3250000000019
80.4375000000019
80.5500000000019
80.6625000000019
80.7750000000019
80.88750000000189
81.00000000000189
81.11250000000189
81.22500000000188
81.33750000000188
81.45000000000188
81.56250000000188
81.67500000000187
81.78750000000187
81.90000000000187
82.01250000000186
82.12500000000186
82.23750000000186
82.35000000000186
82.46250000000185
82.57500000000185
82.68750000000185
82.80000000000184
82.91250000000184
83.02500000000184
83.13750000000184
83.25000000000183
83.36250000000183
83.47500000000183
83.58750000000182
83.70000000000182
83.81250000000182
83.92500000000182
84.03750000000181
84.15000000000181
84.26250000000181
84.3750000000018
84.4875000000018
84.6000000000018
84.7125000000018
84.8250000000018
84.93750000000179
85.05000000000179
85.16250000000178
85.27500000000178
85.38750000000178
85.50000000000178
85.61250000000177
85.72500000000177
85.83750000000177
85.95000000000176
86.06250000000176
86.17500000000176
86.28750000000176
86.40000000000175
86.51250000000175
86.62500000000175
86.73750000000175
86.85000000000174
86.96250000000174
87.07500000000174
87.18750000000173
87.30000000000173
87.41250000000173
87.52500000000173
87.63750000000172
87.75000000000172
87.86250000000172
87.97500000000171
88.08750000000171
88.20000000000171
88.3125000000017
88.4250000000017
88.5375000000017
88.6500000000017
88.7625000000017
88.87500000000169
88.98750000000169
89.10000000000169
89.21250000000168
89.32500000000168
89.43750000000168
89.55000000000167
89.66250000000167
89.77500000000167
89.88750000000167
90.00000000000166
90.11250000000166
90.22500000000166
90.33750000000165
90.45000000000165
90.56250000000165
90.67500000000165
90.78750000000164
90.90000000000164
91.01250000000164
91.12500000000163
91.23750000000163
91.35000000000163
91.46250000000163
91.57500000000162
91.68750000000162
91.80000000000162
91.91250000000161
92.02500000000161
92.13750000000161
92.2500000000016
92.3625000000016
92.4750000000016
92.5875000000016
92.7000000000016
92.81250000000159
92.92500000000159
93.03750000000159
93.15000000000158
93.26250000000158
93.37500000000158
93.48750000000157
93.60000000000157
93.71250000000157
93.82500000000157
93.93750000000156
94.05000000000156
94.16250000000156
94.27500000000155
94.38750000000155
94.50000000000155
94.61250000000155
94.72500000000154
94.83750000000154
94.95000000000154
95.06250000000153
95.17500000000153
95.28750000000153
95.40000000000153
95.51250000000152
95.62500000000152
95.73750000000152
95.85000000000151
95.96250000000151
96.07500000000151
96.1875000000015
96.3000000000015
96.4125000000015
96.5250000000015
96.6375000000015
96.75000000000149
96.86250000000149
96.97500000000149
97.08750000000148
97.20000000000148
97.31250000000148
97.42500000000148
97.53750000000147
97.65000000000147
97.76250000000147
97.87500000000146
97.98750000000146
98.10000000000146
98.21250000000146
98.32500000000145
98.43750000000145
98.55000000000145
98.66250000000144
98.77500000000144
98.88750000000144
99.00000000000144
99.11250000000143
99.22500000000143
99.33750000000143
99.45000000000142
99.56250000000142
99.67500000000142
99.78750000000142
99.90000000000141
100.01250000000141
100.1250000000014
100.2375000000014
100.3500000000014
100.4625000000014
100.5750000000014
100.68750000000139
100.80000000000139
100.91250000000139
101.02500000000138
101.13750000000138
101.25000000000138
101.36250000000138
101.47500000000137
101.58750000000137
101.70000000000137
101.81250000000136
101.92500000000136
102.03750000000136
102.15000000000136
102.26250000000135
102.37500000000135
102.48750000000135
102.60000000000134
102.71250000000134
102.82500000000134
102.93750000000134
103.05000000000133
103.16250000000133
103.27500000000133
103.38750000000132
103.50000000000132
103.61250000000132
103.72500000000132
103.83750000000131
103.95000000000131
104.06250000000131
104.1750000000013
104.2875000000013
104.4000000000013
104.5125000000013
104.6250000000013
104.73750000000129
104.85000000000129
104.96250000000128
105.07500000000128
105.18750000000128
105.30000000000128
105.41250000000127
105.52500000000127
105.63750000000127
105.75000000000126
105.86250000000126
105.97500000000126
106.08750000000126
106.20000000000125
106.31250000000125
106.42500000000125
106.53750000000124
106.65000000000124
106.76250000000124
106.87500000000124
106.98750000000123
107.10000000000123
107.21250000000123
107.32500000000122
107.43750000000122
107.55000000000122
107.66250000000122
107.77500000000121
107.88750000000121
108.00000000000121
108.1125000000012
108.2250000000012
108.3375000000012
108.4500000000012
108.5625000000012
108.67500000000119
108.78750000000119
108.90000000000119
109.01250000000118
109.12500000000118
109.23750000000118
109.35000000000117
109.46250000000117
109.57500000000117
109.68750000000117
109.80000000000116
109.91250000000116
110.02500000000116
110.13750000000115
110.25000000000115
110.36250000000115
110.47500000000115
110.58750000000114
110.70000000000114
110.81250000000114
110.92500000000113
111.03750000000113
111.15000000000113
111.26250000000113
111.37500000000112
111.48750000000112
111.60000000000112
111.71250000000111
111.82500000000111
111.93750000000111
112.0500000000011
112.1625000000011
112.2750000000011
112.3875000000011
112.5000000000011
112.61250000000109
112.72500000000109
112.83750000000109
112.95000000000108
113.06250000000108
113.17500000000108
113.28750000000107
113.40000000000107
113.51250000000107
113.62500000000107
113.73750000000106
113.85000000000106
113.96250000000106
114.07500000000105
114.18750000000105
114.30000000000105
114.41250000000105
114.52500000000104
114.63750000000104
114.75000000000104
114.86250000000103
114.97500000000103
115.08750000000103
115.20000000000103
115.31250000000102
115.42500000000102
115.53750000000102
115.65000000000101
115.76250000000101
115.87500000000101
115.987500000001
116.100000000001
116.212500000001
116.325000000001
116.437500000001
116.55000000000099
116.66250000000099
116.77500000000099
116.88750000000098
117.00000000000098
117.11250000000098
117.22500000000097
117.33750000000097
117.45000000000097
117.56250000000097
117.67500000000096
117.78750000000096
117.90000000000096
118.01250000000095
118.12500000000095
118.23750000000095
118.35000000000095
118.46250000000094
118.57500000000094
118.68750000000094
118.80000000000094
118.91250000000093
119.02500000000093
119.13750000000093
119.25000000000092
119.36250000000092
119.47500000000092
119.58750000000092
119.70000000000091
119.81250000000091
119.9250000000009
120.0375000000009
120.1500000000009
120.2625000000009
120.3750000000009
120.48750000000089
120.60000000000089
120.71250000000089
120.82500000000088
120.93750000000088
121.05000000000088
121.16250000000088
121.27500000000087
121.38750000000087
121.50000000000087
121.61250000000086
121.72500000000086
121.83750000000086
121.95000000000086
122.06250000000085
122.17500000000085
122.28750000000085
122.40000000000084
122.51250000000084
122.62500000000084
122.73750000000084
122.85000000000083
122.96250000000083
123.07500000000083
123.18750000000082
123.30000000000082
123.41250000000082
123.52500000000082
123.63750000000081
123.75000000000081
123.86250000000081
123.9750000000008
124.0875000000008
124.2000000000008
124.3125000000008
124.4250000000008
124.53750000000079
124.65000000000079
124.76250000000078
124.87500000000078
124.98750000000078
125.10000000000078
125.21250000000077
125.32500000000077
125.43750000000077
125.55000000000076
125.66250000000076
125.77500000000076
125.88750000000076
126.00000000000075
126.11250000000075
126.22500000000075
126.33750000000074
126.45000000000074
126.56250000000074
126.67500000000074
126.78750000000073
126.90000000000073
127.01250000000073
127.12500000000072
127.23750000000072
127.35000000000072
127.46250000000072
127.57500000000071
127.68750000000071
127.80000000000071
127.9125000000007
128.02500000000072
128.13750000000073
128.25000000000074
128.36250000000075
128.47500000000076
128.58750000000077
128.70000000000078
128.8125000000008
128.9250000000008
129.03750000000082
129.15000000000083
129.26250000000084
129.37500000000085
129.48750000000086
129.60000000000088
129.7125000000009
129.8250000000009
129.9375000000009
130.05000000000092
130.16250000000093
130.27500000000094
130.38750000000095
130.50000000000097
130.61250000000098
130.725000000001
130.837500000001
130.950000000001
131.06250000000102
131.17500000000103
131.28750000000105
131.40000000000106
131.51250000000107
131.62500000000108
131.7375000000011
131.8500000000011
131.9625000000011
132.07500000000113
132.18750000000114
132.30000000000115
132.41250000000116
132.52500000000117
132.63750000000118
132.7500000000012
132.8625000000012
132.97500000000122
133.08750000000123
133.20000000000124
133.31250000000125
133.42500000000126
133.53750000000127
133.65000000000128
133.7625000000013
133.8750000000013
133.98750000000132
134.10000000000133
134.21250000000134
134.32500000000135
134.43750000000136
134.55000000000138
134.6625000000014
134.7750000000014
134.8875000000014
135.00000000000142
135.11250000000143
135.22500000000144
135.33750000000146
135.45000000000147
135.56250000000148
135.6750000000015
135.7875000000015
135.9000000000015
136.01250000000152
136.12500000000153
136.23750000000155
136.35000000000156
136.46250000000157
136.57500000000158
136.6875000000016
136.8000000000016
136.91250000000161
137.02500000000163
137.13750000000164
137.25000000000165
137.36250000000166
137.47500000000167
137.58750000000168
137.7000000000017
137.8125000000017
137.92500000000172
138.03750000000173
138.15000000000174
138.26250000000175
138.37500000000176
138.48750000000177
138.60000000000178
138.7125000000018
138.8250000000018
138.93750000000182
139.05000000000183
139.16250000000184
139.27500000000185
139.38750000000186
139.50000000000188
139.6125000000019
139.7250000000019
139.8375000000019
139.95000000000192
140.06250000000193
140.17500000000194
140.28750000000196
140.40000000000197
140.51250000000198
140.625000000002
140.737500000002
140.850000000002
140.96250000000202
141.07500000000203
141.18750000000205
141.30000000000206
141.41250000000207
141.52500000000208
141.6375000000021
141.7500000000021
141.86250000000211
141.97500000000213
142.08750000000214
142.20000000000215
142.31250000000216
142.42500000000217
142.53750000000218
142.6500000000022
142.7625000000022
142.87500000000222
142.98750000000223
143.10000000000224
143.21250000000225
143.32500000000226
143.43750000000227
143.55000000000229
143.6625000000023
143.7750000000023
143.88750000000232
144.00000000000233
144.11250000000234
144.22500000000235
144.33750000000236
144.45000000000238
144.5625000000024
144.6750000000024
144.7875000000024
144.90000000000242
145.01250000000243
145.12500000000244
145.23750000000246
145.35000000000247
145.46250000000248
145.5750000000025
145.6875000000025
145.8000000000025
145.91250000000252
146.02500000000254
146.13750000000255
146.25000000000256
146.36250000000257
146.47500000000258
146.5875000000026
146.7000000000026
146.81250000000261
146.92500000000263
147.03750000000264
147.15000000000265
147.26250000000266
147.37500000000267
147.48750000000268
147.6000000000027
147.7125000000027
147.82500000000272
147.93750000000273
148.05000000000274
148.16250000000275
148.27500000000276
148.38750000000277
148.50000000000279
148.6125000000028
148.7250000000028
148.83750000000282
148.95000000000283
149.06250000000284
149.17500000000285
149.28750000000286
149.40000000000288
149.5125000000029
149.6250000000029
149.7375000000029
149.85000000000292
149.96250000000293
150.07500000000294
150.18750000000296
150.30000000000297
150.41250000000298
150.525000000003
150.637500000003
150.750000000003
150.86250000000302
150.97500000000304
151.08750000000305
151.20000000000306
151.31250000000307
151.42500000000308
151.5375000000031
151.6500000000031
151.76250000000312
151.87500000000313
151.98750000000314
152.10000000000315
152.21250000000316
152.32500000000317
152.43750000000318
152.5500000000032
152.6625000000032
152.77500000000322
152.88750000000323
153.00000000000324
153.11250000000325
153.22500000000326
153.33750000000327
153.45000000000329
153.5625000000033
153.6750000000033
153.78750000000332
153.90000000000333
154.01250000000334
154.12500000000335
154.23750000000337
154.35000000000338
154.4625000000034
154.5750000000034
154.6875000000034
154.80000000000342
154.91250000000343
155.02500000000344
155.13750000000346
155.25000000000347
155.36250000000348
155.4750000000035
155.5875000000035
155.7000000000035
155.81250000000352
155.92500000000354
156.03750000000355
156.15000000000356
156.26250000000357
156.37500000000358
156.4875000000036
156.6000000000036
156.71250000000362
156.82500000000363
156.93750000000364
157.05000000000365
157.16250000000366
157.27500000000367
157.38750000000368
157.5000000000037
157.6125000000037
157.72500000000372
157.83750000000373
157.95000000000374
158.06250000000375
158.17500000000376
158.28750000000377
158.40000000000379
158.5125000000038
158.6250000000038
158.73750000000382
158.85000000000383
158.96250000000384
159.07500000000385
159.18750000000387
159.30000000000388
159.4125000000039
159.5250000000039
159.6375000000039
159.75000000000392
159.86250000000393
159.97500000000394
160.08750000000396
160.20000000000397
160.31250000000398
160.425000000004
160.537500000004
160.650000000004
160.76250000000402
160.87500000000404
160.98750000000405
161.10000000000406
161.21250000000407
161.32500000000408
161.4375000000041
161.5500000000041
161.66250000000412
161.77500000000413
161.88750000000414
162.00000000000415
162.11250000000416
162.22500000000417
162.33750000000418
162.4500000000042
162.5625000000042
162.67500000000422
162.78750000000423
162.90000000000424
163.01250000000425
163.12500000000426
163.23750000000427
163.3500000000043
163.4625000000043
163.5750000000043
163.68750000000432
163.80000000000433
163.91250000000434
164.02500000000435
164.13750000000437
164.25000000000438
164.3625000000044
164.4750000000044
164.5875000000044
164.70000000000442
164.81250000000443
164.92500000000445
165.03750000000446
165.15000000000447
165.26250000000448
165.3750000000045
165.4875000000045
165.6000000000045
165.71250000000452
165.82500000000454
165.93750000000455
166.05000000000456
166.16250000000457
166.27500000000458
166.3875000000046
166.5000000000046
166.61250000000462
166.72500000000463
166.83750000000464
166.95000000000465
167.06250000000466
167.17500000000467
167.28750000000468
167.4000000000047
167.5125000000047
167.62500000000472
167.73750000000473
167.85000000000474
167.96250000000475
168.07500000000476
168.18750000000477
168.3000000000048
168.4125000000048
168.5250000000048
168.63750000000482
168.75000000000483
168.86250000000484
168.97500000000485
169.08750000000487
169.20000000000488
169.3125000000049
169.4250000000049
169.5375000000049
169.65000000000492
169.76250000000493
169.87500000000495
169.98750000000496
170.10000000000497
170.21250000000498
170.325000000005
170.437500000005
170.550000000005
170.66250000000502
170.77500000000504
170.88750000000505
171.00000000000506
171.11250000000507
171.22500000000508
171.3375000000051
171.4500000000051
171.56250000000512
171.67500000000513
171.78750000000514
171.90000000000515
172.01250000000516
172.12500000000517
172.23750000000518
172.3500000000052
172.4625000000052
172.57500000000522
172.68750000000523
172.80000000000524
172.91250000000525
173.02500000000526
173.13750000000528
173.2500000000053
173.3625000000053
173.4750000000053
173.58750000000532
173.70000000000533
173.81250000000534
173.92500000000535
174.03750000000537
174.15000000000538
174.2625000000054
174.3750000000054
174.4875000000054
174.60000000000542
174.71250000000543
174.82500000000545
174.93750000000546
175.05000000000547
175.16250000000548
175.2750000000055
175.3875000000055
175.5000000000055
175.61250000000553
175.72500000000554
175.83750000000555
175.95000000000556
176.06250000000557
176.17500000000558
176.2875000000056
176.4000000000056
176.51250000000562
176.62500000000563
176.73750000000564
176.85000000000565
176.96250000000566
177.07500000000567
177.18750000000568
177.3000000000057
177.4125000000057
177.52500000000572
177.63750000000573
177.75000000000574
177.86250000000575
177.97500000000576
178.08750000000578
178.2000000000058
178.3125000000058
178.4250000000058
178.53750000000582
178.65000000000583
178.76250000000584
178.87500000000585
178.98750000000587
179.10000000000588
179.2125000000059
179.3250000000059
179.4375000000059
179.55000000000592
179.66250000000593
179.77500000000595
179.88750000000596
[RUN] scan.py: Cloud captured in 331.09 seconds (4300932 points).
[RUN] scan.py: Converting scan to Cartesian coordinates...
[RUN] scan.py: Converted scan in 125.37 seconds.
[RUN] scan.py: Saving cloud to ./stream/static/trips/20251108_233027/cloud_20251108_234651.txt...
[RUN] scan.py: Cloud saved in 9.56 seconds.
[RUN] scan.py: Scan completed in 466.37 seconds.
[ERR] controller.py: Controller not connected, searching every second...
[RUN] controller.py: 8BitDo Ultimate 2C Wireless Controller connected!
[RUN] scan.py: Beginning cloud capture...
5.9685589803848416e-12
0.11250000000596856
0.22500000000596856
0.3375000000059686
0.45000000000596857
0.5625000000059686
0.6750000000059686
0.7875000000059686
0.9000000000059687
1.0125000000059687
1.1250000000059688
1.2375000000059688
1.3500000000059689
1.462500000005969
1.575000000005969
1.687500000005969
1.800000000005969
1.912500000005969
2.025000000005969
2.1375000000059687
2.2500000000059686
2.3625000000059684
2.475000000005968
2.587500000005968
2.700000000005968
2.8125000000059677
2.9250000000059675
3.0375000000059673
3.150000000005967
3.262500000005967
3.375000000005967
3.4875000000059666
3.6000000000059664
3.7125000000059662
3.825000000005966
3.937500000005966
4.050000000005966
4.1625000000059655
4.275000000005965
4.387500000005965
4.500000000005965
4.612500000005965
4.725000000005965
4.8375000000059645
4.950000000005964
5.062500000005964
5.175000000005964
5.287500000005964
5.400000000005964
5.512500000005963
5.625000000005963
5.737500000005963
5.850000000005963
5.962500000005963
6.0750000000059625
6.187500000005962
6.300000000005962
6.412500000005962
6.525000000005962
6.637500000005962
6.7500000000059615
6.862500000005961
6.975000000005961
7.087500000005961
7.200000000005961
7.312500000005961
7.42500000000596
7.53750000000596
7.65000000000596
7.76250000000596
7.87500000000596
7.9875000000059595
8.10000000000596
8.21250000000596
8.32500000000596
8.437500000005961
8.550000000005962
8.662500000005963
8.775000000005964
8.887500000005964
9.000000000005965
9.112500000005966
9.225000000005966
9.337500000005967
9.450000000005968
9.562500000005969
9.67500000000597
9.78750000000597
9.90000000000597
10.012500000005971
10.125000000005972
10.237500000005973
10.350000000005974
10.462500000005974
10.575000000005975
10.687500000005976
10.800000000005976
10.912500000005977
11.025000000005978
11.137500000005979
11.25000000000598
11.36250000000598
11.47500000000598
11.587500000005981
11.700000000005982
11.812500000005983
11.925000000005983
12.037500000005984
12.150000000005985
12.262500000005986
12.375000000005986
12.487500000005987
12.600000000005988
12.712500000005988
12.82500000000599
12.93750000000599
13.05000000000599
13.162500000005991
13.275000000005992
13.387500000005993
13.500000000005993
13.612500000005994
13.725000000005995
13.837500000005996
13.950000000005996
14.062500000005997
14.175000000005998
14.287500000005998
14.400000000006
14.512500000006
14.625000000006
14.737500000006001
14.850000000006002
14.962500000006003
15.075000000006003
15.187500000006004
15.300000000006005
15.412500000006006
15.525000000006006
15.637500000006007
15.750000000006008
15.862500000006008
15.975000000006009
16.08750000000601
16.20000000000601
16.31250000000601
16.425000000006012
16.537500000006013
16.650000000006013
16.762500000006014
16.875000000006015
16.987500000006015
17.100000000006016
17.212500000006017
17.325000000006018
17.43750000000602
17.55000000000602
17.66250000000602
17.77500000000602
17.88750000000602
18.000000000006022
18.112500000006023
18.225000000006023
18.337500000006024
18.450000000006025
18.562500000006025
18.675000000006026
18.787500000006027
18.900000000006028
19.01250000000603
19.12500000000603
19.23750000000603
19.35000000000603
19.46250000000603
19.575000000006032
19.687500000006033
19.800000000006033
19.912500000006034
20.025000000006035
20.137500000006035
20.250000000006036
20.362500000006037
20.475000000006037
20.587500000006038
20.70000000000604
20.81250000000604
20.92500000000604
21.03750000000604
21.15000000000604
21.262500000006042
21.375000000006043
21.487500000006044
21.600000000006045
21.712500000006045
21.825000000006046
21.937500000006047
22.050000000006047
22.162500000006048
22.27500000000605
22.38750000000605
22.50000000000605
22.61250000000605
22.72500000000605
22.837500000006052
22.950000000006053
23.062500000006054
23.175000000006055
23.287500000006055
23.400000000006056
23.512500000006057
23.625000000006057
23.737500000006058
23.85000000000606
23.96250000000606
24.07500000000606
24.18750000000606
24.30000000000606
24.412500000006062
24.525000000006063
24.637500000006064
24.750000000006064
24.862500000006065
24.975000000006066
25.087500000006067
25.200000000006067
25.312500000006068
25.42500000000607
25.53750000000607
25.65000000000607
25.76250000000607
25.87500000000607
25.987500000006072
26.100000000006073
26.212500000006074
26.325000000006074
26.437500000006075
26.550000000006076
26.662500000006077
26.775000000006077
26.887500000006078
27.00000000000608
27.11250000000608
27.22500000000608
27.33750000000608
27.45000000000608
27.562500000006082
27.675000000006083
27.787500000006084
27.900000000006084
28.012500000006085
28.125000000006086
28.237500000006087
28.350000000006087
28.462500000006088
28.57500000000609
28.68750000000609
28.80000000000609
28.91250000000609
29.02500000000609
29.137500000006092
29.250000000006093
29.362500000006094
29.475000000006094
29.587500000006095
29.700000000006096
29.812500000006096
29.925000000006097
30.037500000006098
30.1500000000061
30.2625000000061
30.3750000000061
30.4875000000061
30.6000000000061
30.712500000006102
30.825000000006103
30.937500000006104
31.050000000006104
31.162500000006105
31.275000000006106
31.387500000006106
31.500000000006107
31.612500000006108
31.72500000000611
31.83750000000611
31.95000000000611
32.06250000000611
32.17500000000611
32.287500000006105
32.4000000000061
32.5125000000061
32.6250000000061
32.737500000006094
32.85000000000609
32.96250000000609
33.075000000006085
33.18750000000608
33.30000000000608
33.41250000000608
33.525000000006074
33.63750000000607
33.75000000000607
33.862500000006065
33.97500000000606
34.08750000000606
34.20000000000606
34.312500000006054
34.42500000000605
34.53750000000605
34.650000000006045
34.76250000000604
34.87500000000604
34.98750000000604
35.100000000006034
35.21250000000603
35.32500000000603
35.437500000006025
35.55000000000602
35.66250000000602
35.77500000000602
35.887500000006014
36.00000000000601
36.11250000000601
36.225000000006006
36.337500000006
36.450000000006
36.562500000006
36.675000000005994
36.78750000000599
36.90000000000599
37.012500000005986
37.12500000000598
37.23750000000598
37.35000000000598
37.462500000005974
37.57500000000597
37.68750000000597
37.800000000005966
37.91250000000596
38.02500000000596
38.13750000000596
38.250000000005954
38.36250000000595
38.47500000000595
38.587500000005946
38.70000000000594
38.81250000000594
38.92500000000594
39.037500000005934
39.15000000000593
39.26250000000593
39.375000000005926
39.48750000000592
39.60000000000592
39.71250000000592
39.825000000005915
39.93750000000591
40.05000000000591
40.162500000005906
40.2750000000059
40.3875000000059
40.5000000000059
40.612500000005895
40.72500000000589
40.83750000000589
40.950000000005886
41.06250000000588
41.17500000000588
41.28750000000588
41.400000000005875
41.51250000000587
41.62500000000587
41.737500000005866
41.85000000000586
41.96250000000586
42.07500000000586
42.187500000005855
42.30000000000585
42.41250000000585
42.525000000005846
42.63750000000584
42.75000000000584
42.86250000000584
42.975000000005835
43.08750000000583
43.20000000000583
43.31250000000583
43.425000000005824
43.53750000000582
43.65000000000582
43.762500000005815
43.87500000000581
43.98750000000581
44.10000000000581
44.212500000005804
44.3250000000058
44.4375000000058
44.550000000005795
44.66250000000579
44.77500000000579
44.88750000000579
45.000000000005784
45.11250000000578
45.22500000000578
45.337500000005775
45.45000000000577
45.56250000000577
45.67500000000577
45.787500000005764
45.90000000000576
46.01250000000576
46.125000000005755
46.23750000000575
46.35000000000575
46.46250000000575
46.575000000005744
46.68750000000574
46.80000000000574
46.912500000005736
47.02500000000573
47.13750000000573
47.25000000000573
47.362500000005724
47.47500000000572
47.58750000000572
47.700000000005716
47.81250000000571
47.92500000000571
48.03750000000571
48.150000000005704
48.2625000000057
48.3750000000057
48.487500000005696
48.60000000000569
48.71250000000569
48.82500000000569
48.937500000005684
49.05000000000568
49.16250000000568
49.275000000005676
49.38750000000567
49.50000000000567
49.61250000000567
49.725000000005664
49.83750000000566
49.95000000000566
50.062500000005656
50.17500000000565
50.28750000000565
50.40000000000565
50.512500000005645
50.62500000000564
50.73750000000564
50.850000000005636
50.96250000000563
51.07500000000563
51.18750000000563
51.300000000005625
51.41250000000562
51.52500000000562
51.637500000005616
51.75000000000561
51.86250000000561
51.97500000000561
52.087500000005605
52.2000000000056
52.3125000000056
52.425000000005596
52.53750000000559
52.65000000000559
52.76250000000559
52.875000000005585
52.98750000000558
53.10000000000558
53.212500000005576
53.32500000000557
53.43750000000557
53.55000000000557
53.662500000005565
53.77500000000556
53.88750000000556
54.000000000005556
54.112500000005554
54.22500000000555
54.33750000000555
54.450000000005545
54.56250000000554
54.67500000000554
54.78750000000554
54.900000000005534
55.01250000000553
55.12500000000553
55.237500000005525
55.35000000000552
55.46250000000552
55.57500000000552
55.687500000005514
55.80000000000551
55.91250000000551
56.025000000005505
56.1375000000055
56.2500000000055
56.3625000000055
56.475000000005494
56.58750000000549
56.70000000000549
56.812500000005485
56.92500000000548
57.03750000000548
57.15000000000548
57.262500000005474
57.37500000000547
57.48750000000547
57.600000000005465
57.71250000000546
57.82500000000546
57.93750000000546
58.050000000005454
58.16250000000545
58.27500000000545
58.387500000005446
58.50000000000544
58.61250000000544
58.72500000000544
58.837500000005434
58.95000000000543
59.06250000000543
59.175000000005426
59.28750000000542
59.40000000000542
59.51250000000542
59.625000000005414
59.73750000000541
59.85000000000541
59.962500000005406
60.0750000000054
60.1875000000054
60.3000000000054
60.412500000005394
60.52500000000539
60.63750000000539
60.750000000005386
60.86250000000538
60.97500000000538
61.08750000000538
61.200000000005375
61.31250000000537
61.42500000000537
61.537500000005366
61.65000000000536
61.76250000000536
61.87500000000536
61.987500000005355
62.10000000000535
62.21250000000535
62.325000000005346
62.43750000000534
62.55000000000534
62.66250000000534
62.775000000005335
62.88750000000533
63.00000000000533
63.112500000005326
63.22500000000532
63.33750000000532
63.45000000000532
63.562500000005315
63.67500000000531
63.78750000000531
63.900000000005306
64.0125000000053
64.1250000000053
64.2375000000053
64.3500000000053
64.46250000000529
64.57500000000529
64.68750000000529
64.80000000000528
64.91250000000528
65.02500000000528
65.13750000000528
65.25000000000527
65.36250000000527
65.47500000000527
65.58750000000526
65.70000000000526
65.81250000000526
65.92500000000526
66.03750000000525
66.15000000000525
66.26250000000525
66.37500000000524
66.48750000000524
66.60000000000524
66.71250000000524
66.82500000000523
66.93750000000523
67.05000000000523
67.16250000000522
67.27500000000522
67.38750000000522
67.50000000000522
67.61250000000521
67.72500000000521
67.8375000000052
67.9500000000052
68.0625000000052
68.1750000000052
68.2875000000052
68.40000000000519
68.51250000000519
68.62500000000519
68.73750000000518
68.85000000000518
68.96250000000518
69.07500000000518
69.18750000000517
69.30000000000517
69.41250000000517
69.52500000000516
69.63750000000516
69.75000000000516
69.86250000000516
69.97500000000515
70.08750000000515
70.20000000000515
70.31250000000514
70.42500000000514
70.53750000000514
70.65000000000514
70.76250000000513
70.87500000000513
70.98750000000513
71.10000000000512
71.21250000000512
71.32500000000512
71.43750000000512
71.55000000000511
71.66250000000511
71.77500000000511
71.8875000000051
72.0000000000051
72.1125000000051
72.2250000000051
72.3375000000051
72.45000000000509
72.56250000000509
72.67500000000508
72.78750000000508
72.90000000000508
73.01250000000508
73.12500000000507
73.23750000000507
73.35000000000507
73.46250000000506
73.57500000000506
73.68750000000506
73.80000000000506
73.91250000000505
74.02500000000505
74.13750000000505
74.25000000000504
74.36250000000504
74.47500000000504
74.58750000000504
74.70000000000503
74.81250000000503
74.92500000000503
75.03750000000502
75.15000000000502
75.26250000000502
75.37500000000502
75.48750000000501
75.60000000000501
75.71250000000501
75.825000000005
75.937500000005
76.050000000005
76.162500000005
76.275000000005
76.38750000000499
76.50000000000499
76.61250000000499
76.72500000000498
76.83750000000498
76.95000000000498
77.06250000000497
77.17500000000497
77.28750000000497
77.40000000000497
77.51250000000496
77.62500000000496
77.73750000000496
77.85000000000495
77.96250000000495
78.07500000000495
78.18750000000495
78.30000000000494
78.41250000000494
78.52500000000494
78.63750000000493
78.75000000000493
78.86250000000493
78.97500000000493
79.08750000000492
79.20000000000492
79.31250000000492
79.42500000000491
79.53750000000491
79.65000000000491
79.7625000000049
79.8750000000049
79.9875000000049
80.1000000000049
80.2125000000049
80.32500000000489
80.43750000000489
80.55000000000489
80.66250000000488
80.77500000000488
80.88750000000488
81.00000000000487
81.11250000000487
81.22500000000487
81.33750000000487
81.45000000000486
81.56250000000486
81.67500000000486
81.78750000000485
81.90000000000485
82.01250000000485
82.12500000000485
82.23750000000484
82.35000000000484
82.46250000000484
82.57500000000483
82.68750000000483
82.80000000000483
82.91250000000483
83.02500000000482
83.13750000000482
83.25000000000482
83.36250000000481
83.47500000000481
83.58750000000481
83.7000000000048
83.8125000000048
83.9250000000048
84.0375000000048
84.1500000000048
84.26250000000479
84.37500000000479
84.48750000000479
84.60000000000478
84.71250000000478
84.82500000000478
84.93750000000477
85.05000000000477
85.16250000000477
85.27500000000477
85.38750000000476
85.50000000000476
85.61250000000476
85.72500000000475
85.83750000000475
85.95000000000475
86.06250000000475
86.17500000000474
86.28750000000474
86.40000000000474
86.51250000000474
86.62500000000473
86.73750000000473
86.85000000000473
86.96250000000472
87.07500000000472
87.18750000000472
87.30000000000472
87.41250000000471
87.52500000000471
87.6375000000047
87.7500000000047
87.8625000000047
87.9750000000047
88.0875000000047
88.20000000000469
88.31250000000469
88.42500000000469
88.53750000000468
88.65000000000468
88.76250000000468
88.87500000000468
88.98750000000467
89.10000000000467
89.21250000000467
89.32500000000466
89.43750000000466
89.55000000000466
89.66250000000466
89.77500000000465
89.88750000000465
90.00000000000465
90.11250000000464
90.22500000000464
90.33750000000464
90.45000000000464
90.56250000000463
90.67500000000463
90.78750000000463
90.90000000000462
91.01250000000462
91.12500000000462
91.23750000000462
91.35000000000461
91.46250000000461
91.57500000000461
91.6875000000046
91.8000000000046
91.9125000000046
92.0250000000046
92.1375000000046
92.25000000000459
92.36250000000459
92.47500000000458
92.58750000000458
92.70000000000458
92.81250000000458
92.92500000000457
93.03750000000457
93.15000000000457
93.26250000000456
93.37500000000456
93.48750000000456
93.60000000000456
93.71250000000455
93.82500000000455
93.93750000000455
94.05000000000454
94.16250000000454
94.27500000000454
94.38750000000454
94.50000000000453
94.61250000000453
94.72500000000453
94.83750000000452
94.95000000000452
95.06250000000452
95.17500000000452
95.28750000000451
95.40000000000451
95.51250000000451
95.6250000000045
95.7375000000045
95.8500000000045
95.9625000000045
96.0750000000045
96.18750000000449
96.30000000000449
96.41250000000448
96.52500000000448
96.63750000000448
96.75000000000448
96.86250000000447
96.97500000000447
97.08750000000447
97.20000000000447
97.31250000000446
97.42500000000446
97.53750000000446
97.65000000000445
97.76250000000445
97.87500000000445
97.98750000000445
98.10000000000444
98.21250000000444
98.32500000000444
98.43750000000443
98.55000000000443
98.66250000000443
98.77500000000443
98.88750000000442
99.00000000000442
99.11250000000442
99.22500000000441
99.33750000000441
99.45000000000441
99.5625000000044
99.6750000000044
99.7875000000044
99.9000000000044
100.0125000000044
100.12500000000439
100.23750000000439
100.35000000000439
100.46250000000438
100.57500000000438
100.68750000000438
100.80000000000437
100.91250000000437
101.02500000000437
101.13750000000437
101.25000000000436
101.36250000000436
101.47500000000436
101.58750000000435
101.70000000000435
101.81250000000435
101.92500000000435
102.03750000000434
102.15000000000434
102.26250000000434
102.37500000000433
102.48750000000433
102.60000000000433
102.71250000000433
102.82500000000432
102.93750000000432
103.05000000000432
103.16250000000431
103.27500000000431
103.38750000000431
103.5000000000043
103.6125000000043
103.7250000000043
103.8375000000043
103.9500000000043
104.06250000000429
104.17500000000429
104.28750000000429
104.40000000000428
104.51250000000428
104.62500000000428
104.73750000000427
104.85000000000427
104.96250000000427
105.07500000000427
105.18750000000426
105.30000000000426
105.41250000000426
105.52500000000425
105.63750000000425
105.75000000000425
105.86250000000425
105.97500000000424
106.08750000000424
106.20000000000424
106.31250000000423
106.42500000000423
106.53750000000423
106.65000000000423
106.76250000000422
106.87500000000422
106.98750000000422
107.10000000000421
107.21250000000421
107.32500000000421
107.4375000000042
107.5500000000042
107.6625000000042
107.7750000000042
107.8875000000042
108.00000000000419
108.11250000000419
108.22500000000419
108.33750000000418
108.45000000000418
108.56250000000418
108.67500000000418
108.78750000000417
108.90000000000417
109.01250000000417
109.12500000000416
109.23750000000416
109.35000000000416
109.46250000000416
109.57500000000415
109.68750000000415
109.80000000000415
109.91250000000414
110.02500000000414
110.13750000000414
110.25000000000414
110.36250000000413
110.47500000000413
110.58750000000413
110.70000000000412
110.81250000000412
110.92500000000412
111.03750000000412
111.15000000000411
111.26250000000411
111.3750000000041
111.4875000000041
111.6000000000041
111.7125000000041
111.8250000000041
111.93750000000409
112.05000000000409
112.16250000000409
112.27500000000408
112.38750000000408
112.50000000000408
112.61250000000408
112.72500000000407
112.83750000000407
112.95000000000407
113.06250000000406
113.17500000000406
113.28750000000406
113.40000000000406
113.51250000000405
113.62500000000405
113.73750000000405
113.85000000000404
113.96250000000404
114.07500000000404
114.18750000000404
114.30000000000403
114.41250000000403
114.52500000000403
114.63750000000402
114.75000000000402
114.86250000000402
114.97500000000402
115.08750000000401
115.20000000000401
115.31250000000401
115.425000000004
115.537500000004
115.650000000004
115.762500000004
115.875000000004
115.98750000000399
116.10000000000399
116.21250000000398
116.32500000000398
116.43750000000398
116.55000000000398
116.66250000000397
116.77500000000397
116.88750000000397
117.00000000000396
117.11250000000396
117.22500000000396
117.33750000000396
117.45000000000395
117.56250000000395
117.67500000000395
117.78750000000394
117.90000000000394
118.01250000000394
118.12500000000394
118.23750000000393
118.35000000000393
118.46250000000393
118.57500000000393
118.68750000000392
118.80000000000392
118.91250000000392
119.02500000000391
119.13750000000391
119.25000000000391
119.3625000000039
119.4750000000039
119.5875000000039
119.7000000000039
119.8125000000039
119.92500000000389
120.03750000000389
120.15000000000389
120.26250000000388
120.37500000000388
120.48750000000388
120.60000000000387
120.71250000000387
120.82500000000387
120.93750000000387
121.05000000000386
121.16250000000386
121.27500000000386
121.38750000000385
121.50000000000385
121.61250000000385
121.72500000000385
121.83750000000384
121.95000000000384
122.06250000000384
122.17500000000383
122.28750000000383
122.40000000000383
122.51250000000383
122.62500000000382
122.73750000000382
122.85000000000382
122.96250000000381
123.07500000000381
123.18750000000381
123.3000000000038
123.4125000000038
123.5250000000038
123.6375000000038
123.7500000000038
123.86250000000379
123.97500000000379
124.08750000000379
124.20000000000378
124.31250000000378
124.42500000000378
124.53750000000377
124.65000000000377
124.76250000000377
124.87500000000377
124.98750000000376
125.10000000000376
125.21250000000376
125.32500000000375
125.43750000000375
125.55000000000375
125.66250000000375
125.77500000000374
125.88750000000374
126.00000000000374
126.11250000000373
126.22500000000373
126.33750000000373
126.45000000000373
126.56250000000372
126.67500000000372
126.78750000000372
126.90000000000371
127.01250000000371
127.12500000000371
127.2375000000037
127.3500000000037
127.4625000000037
127.5750000000037
127.6875000000037
127.80000000000369
127.91250000000369
128.0250000000037
128.1375000000037
128.25000000000372
128.36250000000373
128.47500000000375
128.58750000000376
128.70000000000377
128.81250000000378
128.9250000000038
129.0375000000038
129.1500000000038
129.26250000000383
129.37500000000384
129.48750000000385
129.60000000000386
129.71250000000387
129.82500000000388
129.9375000000039
130.0500000000039
130.16250000000392
130.27500000000393
130.38750000000394
130.50000000000395
130.61250000000396
130.72500000000397
130.83750000000398
130.950000000004
131.062500000004
131.17500000000402
131.28750000000403
131.40000000000404
131.51250000000405
131.62500000000406
131.73750000000408
131.8500000000041
131.9625000000041
132.0750000000041
132.18750000000412
132.30000000000413
132.41250000000414
132.52500000000416
132.63750000000417
132.75000000000418
132.8625000000042
132.9750000000042
133.0875000000042
133.20000000000422
133.31250000000423
133.42500000000425
133.53750000000426
133.65000000000427
133.76250000000428
133.8750000000043
133.9875000000043
134.10000000000431
134.21250000000433
134.32500000000434
134.43750000000435
134.55000000000436
134.66250000000437
134.77500000000438
134.8875000000044
135.0000000000044
135.11250000000442
135.22500000000443
135.33750000000444
135.45000000000445
135.56250000000446
135.67500000000447
135.78750000000448
135.9000000000045
136.0125000000045
136.12500000000452
136.23750000000453
136.35000000000454
136.46250000000455
136.57500000000456
136.68750000000458
136.8000000000046
136.9125000000046
137.0250000000046
137.13750000000462
137.25000000000463
137.36250000000464
137.47500000000466
137.58750000000467
137.70000000000468
137.8125000000047
137.9250000000047
138.0375000000047
138.15000000000472
138.26250000000474
138.37500000000475
138.48750000000476
138.60000000000477
138.71250000000478
138.8250000000048
138.9375000000048
139.05000000000481
139.16250000000483
139.27500000000484
139.38750000000485
139.50000000000486
139.61250000000487
139.72500000000488
139.8375000000049
139.9500000000049
140.06250000000492
140.17500000000493
140.28750000000494
140.40000000000495
140.51250000000496
140.62500000000497
140.73750000000499
140.850000000005
140.962500000005
141.07500000000502
141.18750000000503
141.30000000000504
141.41250000000505
141.52500000000506
141.63750000000508
141.7500000000051
141.8625000000051
141.9750000000051
142.08750000000512
142.20000000000513
142.31250000000514
142.42500000000516
142.53750000000517
142.65000000000518
142.7625000000052
142.8750000000052
142.9875000000052
143.10000000000522
143.21250000000524
143.32500000000525
143.43750000000526
143.55000000000527
143.66250000000528
143.7750000000053
143.8875000000053
144.00000000000531
144.11250000000533
144.22500000000534
144.33750000000535
144.45000000000536
144.56250000000537
144.67500000000538
144.7875000000054
144.9000000000054
145.01250000000542
145.12500000000543
145.23750000000544
145.35000000000545
145.46250000000546
145.57500000000547
145.68750000000549
145.8000000000055
145.9125000000055
146.02500000000552
146.13750000000553
146.25000000000554
146.36250000000555
146.47500000000556
146.58750000000558
146.7000000000056
146.8125000000056
146.9250000000056
147.03750000000562
147.15000000000563
147.26250000000564
147.37500000000566
147.48750000000567
147.60000000000568
147.7125000000057
147.8250000000057
147.9375000000057
148.05000000000572
148.16250000000574
148.27500000000575
148.38750000000576
148.50000000000577
148.61250000000578
148.7250000000058
148.8375000000058
148.95000000000582
149.06250000000583
149.17500000000584
149.28750000000585
149.40000000000586
149.51250000000587
149.62500000000588
149.7375000000059
149.8500000000059
149.96250000000592
150.07500000000593
150.18750000000594
150.30000000000595
150.41250000000596
150.52500000000597
150.63750000000599
150.750000000006
150.862500000006
150.97500000000602
151.08750000000603
151.20000000000604
151.31250000000605
151.42500000000607
151.53750000000608
151.6500000000061
151.7625000000061
151.8750000000061
151.98750000000612
152.10000000000613
152.21250000000614
152.32500000000616
152.43750000000617
152.55000000000618
152.6625000000062
152.7750000000062
152.8875000000062
153.00000000000622
153.11250000000624
153.22500000000625
153.33750000000626
153.45000000000627
153.56250000000628
153.6750000000063
153.7875000000063
153.90000000000632
154.01250000000633
154.12500000000634
154.23750000000635
154.35000000000636
154.46250000000637
154.57500000000638
154.6875000000064
154.8000000000064
154.91250000000642
155.02500000000643
155.13750000000644
155.25000000000645
155.36250000000646
155.47500000000647
155.5875000000065
155.7000000000065
155.8125000000065
155.92500000000652
156.03750000000653
156.15000000000654
156.26250000000655
156.37500000000657
156.48750000000658
156.6000000000066
156.7125000000066
156.8250000000066
156.93750000000662
157.05000000000663
157.16250000000664
157.27500000000666
157.38750000000667
157.50000000000668
157.6125000000067
157.7250000000067
157.8375000000067
157.95000000000672
158.06250000000674
158.17500000000675
158.28750000000676
158.40000000000677
158.51250000000678
158.6250000000068
158.7375000000068
158.85000000000682
158.96250000000683
159.07500000000684
159.18750000000685
159.30000000000686
159.41250000000687
159.52500000000688
159.6375000000069
159.7500000000069
159.86250000000692
159.97500000000693
160.08750000000694
160.20000000000695
160.31250000000696
160.42500000000697
160.537500000007
160.650000000007
160.762500000007
160.87500000000702
160.98750000000703
161.10000000000704
161.21250000000705
161.32500000000707
161.43750000000708
161.5500000000071
161.6625000000071
161.7750000000071
161.88750000000712
162.00000000000713
162.11250000000715
162.22500000000716
162.33750000000717
162.45000000000718
162.5625000000072
162.6750000000072
162.7875000000072
162.90000000000722
163.01250000000724
163.12500000000725
163.23750000000726
163.35000000000727
163.46250000000728
163.5750000000073
163.6875000000073
163.80000000000732
163.91250000000733
164.02500000000734
164.13750000000735
164.25000000000736
164.36250000000737
164.47500000000738
164.5875000000074
164.7000000000074
164.81250000000742
164.92500000000743
165.03750000000744
165.15000000000745
165.26250000000746
165.37500000000747
165.4875000000075
165.6000000000075
165.7125000000075
165.82500000000752
165.93750000000753
166.05000000000754
166.16250000000755
166.27500000000757
166.38750000000758
166.5000000000076
166.6125000000076
166.7250000000076
166.83750000000762
166.95000000000763
167.06250000000765
167.17500000000766
167.28750000000767
167.40000000000768
167.5125000000077
167.6250000000077
167.7375000000077
167.85000000000773
167.96250000000774
168.07500000000775
168.18750000000776
168.30000000000777
168.41250000000778
168.5250000000078
168.6375000000078
168.75000000000782
168.86250000000783
168.97500000000784
169.08750000000785
169.20000000000786
169.31250000000787
169.42500000000788
169.5375000000079
169.6500000000079
169.76250000000792
169.87500000000793
169.98750000000794
170.10000000000795
170.21250000000796
170.32500000000798
170.437500000008
170.550000000008
170.662500000008
170.77500000000802
170.88750000000803
171.00000000000804
171.11250000000805
171.22500000000807
171.33750000000808
171.4500000000081
171.5625000000081
171.6750000000081
171.78750000000812
171.90000000000813
172.01250000000815
172.12500000000816
172.23750000000817
172.35000000000818
172.4625000000082
172.5750000000082
172.6875000000082
172.80000000000823
172.91250000000824
173.02500000000825
173.13750000000826
173.25000000000827
173.36250000000828
173.4750000000083
173.5875000000083
173.70000000000832
173.81250000000833
173.92500000000834
174.03750000000835
174.15000000000836
174.26250000000837
174.37500000000838
174.4875000000084
174.6000000000084
174.71250000000842
174.82500000000843
174.93750000000844
175.05000000000845
175.16250000000846
175.27500000000848
175.3875000000085
175.5000000000085
175.6125000000085
175.72500000000852
175.83750000000853
175.95000000000854
176.06250000000855
176.17500000000857
176.28750000000858
176.4000000000086
176.5125000000086
176.6250000000086
176.73750000000862
176.85000000000863
176.96250000000865
177.07500000000866
177.18750000000867
177.30000000000868
177.4125000000087
177.5250000000087
177.6375000000087
177.75000000000873
177.86250000000874
177.97500000000875
178.08750000000876
178.20000000000877
178.31250000000878
178.4250000000088
178.5375000000088
178.65000000000882
178.76250000000883
178.87500000000884
178.98750000000885
179.10000000000886
179.21250000000887
179.32500000000888
179.4375000000089
179.5500000000089
179.66250000000892
179.77500000000893
179.88750000000894
[RUN] scan.py: Cloud captured in 395.99 seconds (4322736 points).
[RUN] scan.py: Converting scan to Cartesian coordinates...
[RUN] scan.py: Converted scan in 127.18 seconds.
[RUN] scan.py: Saving cloud to ./stream/static/trips/20251108_233027/cloud_20251108_235942.txt...
[RUN] scan.py: Cloud saved in 10.44 seconds.
[RUN] scan.py: Scan completed in 533.96 seconds.
[RUN] UART.py: Trip terminated.
[INI] aegis.py: Joining subprocesses...
[RUN] camera.py: Attempting to stop recording...
[RUN] camera.py: Stopped hi-res encoder...
[EXIT] aegis.py: Exiting program...
